
Showing logs for build [32mcb-kubecd-bdd-gh-1568397736-pr-1[0m stage [32mmeta-pipeline[0m and container [32mstep-credential-initializer-k2jqc[0m
{"level":"warn","ts":1568398455.9598248,"logger":"fallback-logger","caller":"logging/config.go:69","msg":"Fetch GitHub commit ID from kodata failed: \"ref: refs/heads/master\" is not a valid GitHub commit ID"}
{"level":"info","ts":1568398455.960295,"logger":"fallback-logger","caller":"creds-init/main.go:40","msg":"Credentials initialized."}

Showing logs for build [32mcb-kubecd-bdd-gh-1568397736-pr-1[0m stage [32mmeta-pipeline[0m and container [32mstep-working-dir-initializer-2f8kg[0m
{"level":"warn","ts":1568398457.01522,"logger":"fallback-logger","caller":"logging/config.go:69","msg":"Fetch GitHub commit ID from kodata failed: open /var/run/ko/HEAD: no such file or directory"}
{"level":"info","ts":1568398457.0215604,"logger":"fallback-logger","caller":"bash/main.go:65","msg":"Successfully executed command \"mkdir -p /workspace/source\""}

Showing logs for build [32mcb-kubecd-bdd-gh-1568397736-pr-1[0m stage [32mmeta-pipeline[0m and container [32mstep-place-tools[0m

Showing logs for build [32mcb-kubecd-bdd-gh-1568397736-pr-1[0m stage [32mmeta-pipeline[0m and container [32mstep-git-source-meta-cb-kubecd-bdd-gh-156839773-d4srw[0m
{"level":"warn","ts":1568398463.164887,"logger":"fallback-logger","caller":"logging/config.go:69","msg":"Fetch GitHub commit ID from kodata failed: \"ref: refs/heads/master\" is not a valid GitHub commit ID"}
{"level":"info","ts":1568398464.2204006,"logger":"fallback-logger","caller":"git/git.go:102","msg":"Successfully cloned https://github.com/cb-kubecd/bdd-gh-1568397736.git @ 8d4abcbb8baca4da0c93334762aad325ee649b7c in path /workspace/source"}

Showing logs for build [32mcb-kubecd-bdd-gh-1568397736-pr-1[0m stage [32mmeta-pipeline[0m and container [32mstep-git-merge[0m
Using SHAs from PULL_REFS=master:8d4abcbb8baca4da0c93334762aad325ee649b7c,1:f3cbc1e7fb24e3d3250f24e230bc2c3218f5e242
DEBUG: ran git fetch --unshallow origin f3cbc1e7fb24e3d3250f24e230bc2c3218f5e242: 8d4abcbb8baca4da0c93334762aad325ee649b7c: in 
DEBUG: ran git checkout master in 
DEBUG: ran git reset --hard 8d4abcbb8baca4da0c93334762aad325ee649b7c in 
DEBUG: ran clean --force -d . in 
DEBUG: ran git merge f3cbc1e7fb24e3d3250f24e230bc2c3218f5e242 in 
Merged SHA f3cbc1e7fb24e3d3250f24e230bc2c3218f5e242 with commit message 'My first PR commit' into base branch master

Showing logs for build [32mcb-kubecd-bdd-gh-1568397736-pr-1[0m stage [32mmeta-pipeline[0m and container [32mstep-merge-pull-refs[0m
DEBUG: ran git fetch origin f3cbc1e7fb24e3d3250f24e230bc2c3218f5e242: 8d4abcbb8baca4da0c93334762aad325ee649b7c: in 
DEBUG: Unshallowed git repo in 
DEBUG: ran git checkout master in 
DEBUG: ran git reset --hard 8d4abcbb8baca4da0c93334762aad325ee649b7c in 
DEBUG: ran clean --force -d . in 
DEBUG: ran git merge f3cbc1e7fb24e3d3250f24e230bc2c3218f5e242 in 
Merged SHA f3cbc1e7fb24e3d3250f24e230bc2c3218f5e242 with commit message 'My first PR commit' into base branch master

Showing logs for build [32mcb-kubecd-bdd-gh-1568397736-pr-1[0m stage [32mmeta-pipeline[0m and container [32mstep-create-effective-pipeline[0m
Deleting and cloning the Jenkins X versions repo
Cloning the Jenkins X versions repo https://github.com/jenkins-x/jenkins-x-versions.git with ref refs/heads/master to /builder/home/.**/jenkins-x-versions
Effective pipeline written to jenkins-x-serverless-jenkins-effective.yml

Showing logs for build [32mcb-kubecd-bdd-gh-1568397736-pr-1[0m stage [32mmeta-pipeline[0m and container [32mstep-create-tekton-crds[0m
PipelineActivity for cb-kubecd-bdd-gh-1568397736-PR-1-1
Applying changes 
upserted PipelineResource cb-kubecd-bdd-gh-1568397736-pr for the git repository https://github.com/cb-kubecd/bdd-gh-1568397736.git
upserted Task cb-kubecd-bdd-gh-1568397736-pr-from-build-pack-1
upserted Pipeline cb-kubecd-bdd-gh-1568397736-pr-1
created PipelineRun cb-kubecd-bdd-gh-1568397736-pr-1
created PipelineStructure cb-kubecd-bdd-gh-1568397736-pr-1

Showing logs for build [32mcb-kubecd-bdd-gh-1568397736-pr-1[0m stage [32mfrom-build-pack[0m and container [32mstep-credential-initializer-7qrh2[0m
{"level":"warn","ts":1568398475.7563581,"logger":"fallback-logger","caller":"logging/config.go:69","msg":"Fetch GitHub commit ID from kodata failed: \"ref: refs/heads/master\" is not a valid GitHub commit ID"}
{"level":"info","ts":1568398475.7569332,"logger":"fallback-logger","caller":"creds-init/main.go:40","msg":"Credentials initialized."}

Showing logs for build [32mcb-kubecd-bdd-gh-1568397736-pr-1[0m stage [32mfrom-build-pack[0m and container [32mstep-working-dir-initializer-dbhbf[0m
{"level":"warn","ts":1568398476.73974,"logger":"fallback-logger","caller":"logging/config.go:69","msg":"Fetch GitHub commit ID from kodata failed: open /var/run/ko/HEAD: no such file or directory"}
{"level":"info","ts":1568398476.7416737,"logger":"fallback-logger","caller":"bash/main.go:65","msg":"Successfully executed command \"mkdir -p /workspace/source /workspace/source/charts/preview\""}

Showing logs for build [32mcb-kubecd-bdd-gh-1568397736-pr-1[0m stage [32mfrom-build-pack[0m and container [32mstep-place-tools[0m

Showing logs for build [32mcb-kubecd-bdd-gh-1568397736-pr-1[0m stage [32mfrom-build-pack[0m and container [32mstep-git-source-cb-kubecd-bdd-gh-1568397736-pr-pwpk4[0m
{"level":"warn","ts":1568398482.8944674,"logger":"fallback-logger","caller":"logging/config.go:69","msg":"Fetch GitHub commit ID from kodata failed: \"ref: refs/heads/master\" is not a valid GitHub commit ID"}
{"level":"info","ts":1568398483.9646075,"logger":"fallback-logger","caller":"git/git.go:102","msg":"Successfully cloned https://github.com/cb-kubecd/bdd-gh-1568397736.git @ master in path /workspace/source"}

Showing logs for build [32mcb-kubecd-bdd-gh-1568397736-pr-1[0m stage [32mfrom-build-pack[0m and container [32mstep-git-merge[0m
Using SHAs from PULL_REFS=master:8d4abcbb8baca4da0c93334762aad325ee649b7c,1:f3cbc1e7fb24e3d3250f24e230bc2c3218f5e242
DEBUG: ran git fetch --unshallow origin f3cbc1e7fb24e3d3250f24e230bc2c3218f5e242: 8d4abcbb8baca4da0c93334762aad325ee649b7c: in 
DEBUG: ran git checkout master in 
DEBUG: ran git reset --hard 8d4abcbb8baca4da0c93334762aad325ee649b7c in 
DEBUG: ran clean --force -d . in 
DEBUG: ran git merge f3cbc1e7fb24e3d3250f24e230bc2c3218f5e242 in 
Merged SHA f3cbc1e7fb24e3d3250f24e230bc2c3218f5e242 with commit message 'My first PR commit' into base branch master

Showing logs for build [32mcb-kubecd-bdd-gh-1568397736-pr-1[0m stage [32mfrom-build-pack[0m and container [32mstep-build-make-linux[0m
CGO_ENABLED=0 GOOS=linux GOARCH=amd64 GO15VENDOREXPERIMENT=1 go build -ldflags '' -o bin/bdd-gh-1568397736 main.go

Showing logs for build [32mcb-kubecd-bdd-gh-1568397736-pr-1[0m stage [32mfrom-build-pack[0m and container [32mstep-build-container-build[0m
[36mINFO[0m[0000] No base image, nothing to extract            
[36mINFO[0m[0000] cmd: EXPOSE                                  
[36mINFO[0m[0000] Adding exposed port: 8080/tcp                
[36mINFO[0m[0000] Using files from context: [/workspace/source/bin] 
[36mINFO[0m[0000] Skipping unpacking as no commands require it. 
[36mINFO[0m[0000] Taking snapshot of full filesystem...        
[36mINFO[0m[0000] EXPOSE 8080                                  
[36mINFO[0m[0000] cmd: EXPOSE                                  
[36mINFO[0m[0000] Adding exposed port: 8080/tcp                
[36mINFO[0m[0000] No files changed in this command, skipping snapshotting. 
[36mINFO[0m[0000] ENTRYPOINT ["/bdd-gh-1568397736"]            
[36mINFO[0m[0000] No files changed in this command, skipping snapshotting. 
[36mINFO[0m[0000] Using files from context: [/workspace/source/bin] 
[36mINFO[0m[0000] COPY ./bin/ /                                
[36mINFO[0m[0000] Taking snapshot of files...                  
2019/09/13 18:14:56 pushed blob: sha256:5998f974bf400eefd0e0c0e0161a51c453062bcdf702231a1728c4aee951111b
2019/09/13 18:14:57 pushed blob: sha256:fef84f7526a02132b20cd7fbfa4b9a0815cd1bec2d5e5bb7f7e6ea901699ab1d
2019/09/13 18:14:58 gcr.io/jenkins-x-bdd3/bdd-gh-1568397736:0.0.0-SNAPSHOT-PR-1-1: digest: sha256:7356730b17713def7f5ef4cda6f37c7f4f8d95e4c5c82600bc376a878ef71bd4 size: 428

Showing logs for build [32mcb-kubecd-bdd-gh-1568397736-pr-1[0m stage [32mfrom-build-pack[0m and container [32mstep-postbuild-post-build[0m
no CVE provider running in the current ** namespace so skip adding image to be analysed

Showing logs for build [32mcb-kubecd-bdd-gh-1568397736-pr-1[0m stage [32mfrom-build-pack[0m and container [32mstep-promote-make-preview[0m
sed -i -e "s/version:.*/version: 0.0.0-SNAPSHOT-PR-1-1/" Chart.yaml
sed -i -e "s/version:.*/version: 0.0.0-SNAPSHOT-PR-1-1/" ../*/Chart.yaml
sed -i -e "s|repository:.*|repository: gcr.io\/jenkins-x-bdd3\/bdd-gh-1568397736|" values.yaml
sed -i -e "s/tag:.*/tag: 0.0.0-SNAPSHOT-PR-1-1/" values.yaml
echo "  version: 0.0.0-SNAPSHOT-PR-1-1" >> requirements.yaml
** step helm build
WARNING: No $CHART_REPOSITORY defined so using the default value of: http://jenkins-x-chartmuseum:8080
Adding missing Helm repo: storage.googleapis.com https://storage.googleapis.com/chartmuseum.jenkins-x.io
Successfully added Helm repository storage.googleapis.com.
Adding missing Helm repo: jenkins-x-chartmuseum http://jenkins-x-chartmuseum:8080
Successfully added Helm repository jenkins-x-chartmuseum.
WARNING: No $CHART_REPOSITORY defined so using the default value of: http://jenkins-x-chartmuseum:8080
Adding missing Helm repo: chartmuseum.jenkins-x.io http://chartmuseum.jenkins-x.io
Successfully added Helm repository chartmuseum.jenkins-x.io.

Showing logs for build [32mcb-kubecd-bdd-gh-1568397736-pr-1[0m stage [32mfrom-build-pack[0m and container [32mstep-promote-jx-preview[0m
Creating a preview
WARNING: No author for commit: f3cbc1e7fb24e3d3250f24e230bc2c3218f5e242
Created environment cb-kubecd-bdd-gh-1568397736-pr-1
Namespace **-cb-kubecd-bdd-gh-1568397736-pr-1 created 
expose:
  Annotations:
    helm.sh/hook: post-install,post-upgrade
    helm.sh/hook-delete-policy: hook-succeeded
  config:
    domain: 34.76.209.194.nip.io
    exposer: Ingress
    http: "true"
preview:
  image:
    repository: gcr.io/jenkins-x-bdd3/bdd-gh-1568397736
    tag: 0.0.0-SNAPSHOT-PR-1-1
Deleting and cloning the Jenkins X versions repo
Cloning the Jenkins X versions repo https://github.com/jenkins-x/jenkins-x-versions.git with ref refs/heads/master to /builder/home/.**/jenkins-x-versions


Updating PipelineActivities cb-kubecd-bdd-gh-1568397736-pr-1-1 which has status Running
WARNING: preview application http://bdd-gh-1568397736.**-cb-kubecd-bdd-gh-1568397736-pr-1.34.76.209.194.nip.io not available, error was 503 503 Service Temporarily Unavailable, delaying for: 1.252573036s
WARNING: preview application http://bdd-gh-1568397736.**-cb-kubecd-bdd-gh-1568397736-pr-1.34.76.209.194.nip.io not available, error was 503 503 Service Temporarily Unavailable, delaying for: 1.795078749s
WARNING: preview application http://bdd-gh-1568397736.**-cb-kubecd-bdd-gh-1568397736-pr-1.34.76.209.194.nip.io not available, error was 503 503 Service Temporarily Unavailable, delaying for: 1.481238625s
Preview application is now available at: http://bdd-gh-1568397736.**-cb-kubecd-bdd-gh-1568397736-pr-1.34.76.209.194.nip.io
